<?xml version="1.0" encoding="UTF-8"?>
<!-- Generated by org.testng.reporters.JUnitReportReporter -->
<testsuite skipped="0" hostname="LAPTOP-M8LMA397" name="testCases.TC_LoginTest_001" tests="1" failures="0" timestamp="2020-07-12T21:11:49 CDT" time="1.563" errors="0">
  <testcase name="loginTest" time="1.563" classname="testCases.TC_LoginTest_001"/>
  <system-out/>
</testsuite> <!-- testCases.TC_LoginTest_001 -->
